14:02:32 **** Incremental Build of configuration Release for project Lab53 ****
make all 
arduino/subdir.mk:258: warning: overriding commands for target `arduino/wiring_pulse.o'
arduino/subdir.mk:251: warning: ignoring old commands for target `arduino/wiring_pulse.o'
Building file: ../test.cpp
Invoking: AVR C++ Compiler
avr-g++ -I"C:\Program Files (x86)\Arduino\hardware\arduino\avr\cores\arduino" -I"C:\Users\Andrew\workspace_c++\freeRTOS\Source\include" -I"C:\Program Files (x86)\Arduino\hardware\arduino\avr\variants\standard" -Wall -Os -fpack-struct -fshort-enums -ffunction-sections -fdata-sections -funsigned-char -funsigned-bitfields -fno-exceptions -mmcu=atmega328p -DF_CPU=16000000UL -MMD -MP -MF"test.d" -MT"test.o" -c -o "test.o" "../test.cpp"
Finished building: ../test.cpp
 
Building target: Lab53.elf
Invoking: AVR C++ Linker
avr-g++ -Wl,-Map,Lab53.map,--cref -mrelax -Wl,--gc-sections -mmcu=atmega328p -o "Lab53.elf"  ./arduino/CDC.o ./arduino/HardwareSerial.o ./arduino/HardwareSerial0.o ./arduino/HardwareSerial1.o ./arduino/HardwareSerial2.o ./arduino/HardwareSerial3.o ./arduino/IPAddress.o ./arduino/PluggableUSB.o ./arduino/Print.o ./arduino/Stream.o ./arduino/Tone.o ./arduino/USBCore.o ./arduino/WInterrupts.o ./arduino/WMath.o ./arduino/WString.o ./arduino/abi.o ./arduino/hooks.o ./arduino/main.o ./arduino/new.o ./arduino/wiring.o ./arduino/wiring_analog.o ./arduino/wiring_digital.o ./arduino/wiring_pulse.o ./arduino/wiring_shift.o  ./test.o  C:/Users/Andrew/workspace_c++/freeRTOS/Release/libfreeRTOS.a 
Finished building target: Lab53.elf
 
Invoking: AVR Create Extended Listing
avr-objdump -h -S Lab53.elf  >"Lab53.lss"
Finished building: Lab53.lss
 
Create Flash image (ihex format)
avr-objcopy -R .eeprom -R .fuse -R .lock -R .signature -O ihex Lab53.elf  "Lab53.hex"
Finished building: Lab53.hex
 
Create eeprom image (ihex format)
avr-objcopy -j .eeprom --no-change-warnings --change-section-lma .eeprom=0 -O ihex Lab53.elf  "Lab53.eep"
Finished building: Lab53.eep
 
Invoking: Print Size
avr-size --format=avr --mcu=atmega328p Lab53.elf
AVR Memory Usage
----------------
Device: atmega328p

Program:    8408 bytes (25.7% Full)
(.text + .data + .bootloader)

Data:       1988 bytes (97.1% Full)
(.data + .bss + .noinit)


Finished building: sizedummy
 

14:02:33 Build Finished (took 1s.134ms)

